<?xml version="1.0" encoding="UTF-8"?>
<!-- Generated by org.testng.reporters.JUnitReportReporter -->
<testsuite hostname="DESKTOP-JEJ8T8P" failures="0" tests="1" name="com.sample.Example" time="8.098" errors="0" timestamp="2025-03-01T11:40:49 IST" skipped="0">
  <testcase classname="com.sample.Example" name="launchUrl" time="8.098"/>
  <system-out/>
</testsuite> <!-- com.sample.Example -->
